<?xml version="1.0" encoding="UTF-8"?>
<testsuite time="68.19" failures="0" tests="1" name="tests" >
  <testcase time="68.17" classname="tests" name="InOutOpera.ta" />
</testsuite>