<?xml version="1.0" encoding="UTF-8"?>
<testsuite time="78.566" failures="0" tests="1" name="tests" >
  <testcase time="78.556" classname="tests" name="mireyn.ta" />
</testsuite>